<?xml version="1.0" encoding="UTF-8"?>
<testng-results ignored="0" total="2" passed="2" failed="0" skipped="0">
  <reporter-output>
  </reporter-output>
  <suite started-at="2022-09-29T12:45:33 IST" name="Suite" finished-at="2022-09-29T12:46:40 IST" duration-ms="67324">
    <groups>
      <group name="functional">
        <method signature="SASDrive.SignIn(java.lang.String,java.lang.String,java.lang.String)[pri:1, instance:com.sas.viya.SASDrive@1e886a5b]" name="SignIn" class="com.sas.viya.SASDrive"/>
        <method signature="SASDrive.SignOut()[pri:2, instance:com.sas.viya.SASDrive@1e886a5b]" name="SignOut" class="com.sas.viya.SASDrive"/>
      </group> <!-- functional -->
      <group name="smoke">
        <method signature="SASDrive.SignIn(java.lang.String,java.lang.String,java.lang.String)[pri:1, instance:com.sas.viya.SASDrive@1e886a5b]" name="SignIn" class="com.sas.viya.SASDrive"/>
        <method signature="SASDrive.SignOut()[pri:2, instance:com.sas.viya.SASDrive@1e886a5b]" name="SignOut" class="com.sas.viya.SASDrive"/>
      </group> <!-- smoke -->
    </groups>
    <test started-at="2022-09-29T12:45:33 IST" name="SASDriveTest" finished-at="2022-09-29T12:46:40 IST" duration-ms="67324">
      <class name="com.sas.viya.SASDrive">
        <test-method is-config="true" signature="initialiseExtentReports()[pri:0, instance:com.sas.viya.SASDrive@1e886a5b]" started-at="2022-09-29T12:45:31 IST" name="initialiseExtentReports" finished-at="2022-09-29T12:45:33 IST" duration-ms="1995" status="PASS">
          <reporter-output>
          </reporter-output>
        </test-method> <!-- initialiseExtentReports -->
        <test-method is-config="true" signature="setup(org.testng.ITestContext,java.lang.String)[pri:0, instance:com.sas.viya.SASDrive@1e886a5b]" started-at="2022-09-29T12:45:33 IST" name="setup" finished-at="2022-09-29T12:45:39 IST" duration-ms="6770" status="PASS">
          <params>
            <param index="0">
              <value>
                <![CDATA[org.testng.TestRunner@505a48a2]]>
              </value>
            </param>
            <param index="1">
              <value>
                <![CDATA[chrome]]>
              </value>
            </param>
          </params>
          <reporter-output>
          </reporter-output>
        </test-method> <!-- setup -->
        <test-method signature="SignIn(java.lang.String,java.lang.String,java.lang.String)[pri:1, instance:com.sas.viya.SASDrive@1e886a5b]" started-at="2022-09-29T12:45:40 IST" name="SignIn" finished-at="2022-09-29T12:46:35 IST" duration-ms="55361" status="PASS">
          <params>
            <param index="0">
              <value>
                <![CDATA[https://sinbrv.gelsandbox.aws.unx.sas.com/SASDrive]]>
              </value>
            </param>
            <param index="1">
              <value>
                <![CDATA[viya_admin]]>
              </value>
            </param>
            <param index="2">
              <value>
                <![CDATA[Password123]]>
              </value>
            </param>
          </params>
          <reporter-output>
          </reporter-output>
        </test-method> <!-- SignIn -->
        <test-method is-config="true" signature="checkStatus(java.lang.reflect.Method,org.testng.ITestResult)[pri:0, instance:com.sas.viya.SASDrive@1e886a5b]" started-at="2022-09-29T12:46:35 IST" name="checkStatus" finished-at="2022-09-29T12:46:36 IST" duration-ms="918" status="PASS">
          <params>
            <param index="0">
              <value>
                <![CDATA[public void com.sas.viya.SASDrive.SignIn(java.lang.String,java.lang.String,java.lang.String) throws java.lang.Exception]]>
              </value>
            </param>
            <param index="1">
              <value>
                <![CDATA[[TestResult name=SignIn status=SUCCESS method=SASDrive.SignIn(java.lang.String,java.lang.String,java.lang.String)[pri:1, instance:com.sas.viya.SASDrive@1e886a5b] output={null}]]]>
              </value>
            </param>
          </params>
          <reporter-output>
          </reporter-output>
        </test-method> <!-- checkStatus -->
        <test-method signature="SignOut()[pri:2, instance:com.sas.viya.SASDrive@1e886a5b]" started-at="2022-09-29T12:46:36 IST" name="SignOut" finished-at="2022-09-29T12:46:39 IST" duration-ms="3508" status="PASS">
          <reporter-output>
          </reporter-output>
        </test-method> <!-- SignOut -->
        <test-method is-config="true" signature="checkStatus(java.lang.reflect.Method,org.testng.ITestResult)[pri:0, instance:com.sas.viya.SASDrive@1e886a5b]" started-at="2022-09-29T12:46:39 IST" name="checkStatus" finished-at="2022-09-29T12:46:40 IST" duration-ms="521" status="PASS">
          <params>
            <param index="0">
              <value>
                <![CDATA[public void com.sas.viya.SASDrive.SignOut()]]>
              </value>
            </param>
            <param index="1">
              <value>
                <![CDATA[[TestResult name=SignOut status=SUCCESS method=SASDrive.SignOut()[pri:2, instance:com.sas.viya.SASDrive@1e886a5b] output={null}]]]>
              </value>
            </param>
          </params>
          <reporter-output>
          </reporter-output>
        </test-method> <!-- checkStatus -->
        <test-method is-config="true" signature="teardown()[pri:0, instance:com.sas.viya.SASDrive@1e886a5b]" started-at="2022-09-29T12:46:40 IST" name="teardown" finished-at="2022-09-29T12:46:40 IST" duration-ms="150" status="PASS">
          <reporter-output>
          </reporter-output>
        </test-method> <!-- teardown -->
        <test-method is-config="true" signature="generateExtentReports()[pri:0, instance:com.sas.viya.SASDrive@1e886a5b]" started-at="2022-09-29T12:46:40 IST" name="generateExtentReports" finished-at="2022-09-29T12:46:41 IST" duration-ms="1252" status="PASS">
          <reporter-output>
          </reporter-output>
        </test-method> <!-- generateExtentReports -->
      </class> <!-- com.sas.viya.SASDrive -->
    </test> <!-- SASDriveTest -->
  </suite> <!-- Suite -->
</testng-results>
