<?xml version="1.0" encoding="UTF-8"?>
<!-- Generated by org.testng.reporters.JUnitXMLReporter -->
<testsuite ignored="2" hostname="lsinbrvina2" failures="0" tests="1" name="EnvironmentManager" time="11.629" errors="0" timestamp="2022-06-08T12:02:36 IST">
  <testcase classname="com.sas.viya.environmentManager" name="TestGoogle" time="4.536"/>
  <testcase classname="com.sas.viya.environmentManager" name="TestFacebook" time="0.0">
    <ignored/>
  </testcase> <!-- TestFacebook -->
  <testcase classname="com.sas.viya.environmentManager" name="TestOrangeHRM" time="0.0">
    <ignored/>
  </testcase> <!-- TestOrangeHRM -->
</testsuite> <!-- EnvironmentManager -->
