<?xml version="1.0" encoding="UTF-8"?>
<!-- Generated by org.testng.reporters.JUnitXMLReporter -->
<testsuite ignored="0" hostname="lsinbrvina2" failures="0" tests="4" name="SASDriveNavigateURL" time="302.382" errors="0" timestamp="2022-06-10T15:35:44 IST">
  <testcase classname="com.sas.viya.SASVisualAnalytics" name="SignIn" time="111.233"/>
  <testcase classname="com.sas.viya.SASVisualAnalytics" name="Report1" time="73.893"/>
  <testcase classname="com.sas.viya.SASVisualAnalytics" name="Report2" time="106.178"/>
  <testcase classname="com.sas.viya.SASVisualAnalytics" name="SignOut" time="3.96"/>
</testsuite> <!-- SASDriveNavigateURL -->
