<?xml version="1.0" encoding="UTF-8"?>
<!-- Generated by org.testng.reporters.JUnitXMLReporter -->
<testsuite ignored="1" hostname="lsinbrvina2" failures="0" tests="6" name="SASEnvironmentManagerTest" time="567.582" errors="0" timestamp="2022-09-27T00:43:34 IST">
  <testcase classname="com.sas.viya.SASEnvironmentManager" name="SignIn" time="433.351"/>
  <testcase classname="com.sas.viya.SASEnvironmentManager" name="CheckUsersAndGroups" time="13.193"/>
  <testcase classname="com.sas.viya.SASEnvironmentManager" name="ValidateValidationFolder" time="19.944"/>
  <testcase classname="com.sas.viya.SASEnvironmentManager" name="AccessServerPage" time="22.394"/>
  <testcase classname="com.sas.viya.SASEnvironmentManager" name="ImportData" time="38.571"/>
  <testcase classname="com.sas.viya.SASEnvironmentManager" name="ImportDemographic" time="37.361"/>
  <testcase classname="com.sas.viya.SASEnvironmentManager" name="SignOut" time="0.0">
    <ignored/>
  </testcase> <!-- SignOut -->
</testsuite> <!-- SASEnvironmentManagerTest -->
