<?xml version="1.0" encoding="UTF-8"?>
<!-- Generated by org.testng.reporters.JUnitXMLReporter -->
<testsuite ignored="1" hostname="lsinbrvina2" failures="0" tests="6" name="SASEnvironmentManagerTest" time="570.588" errors="0" timestamp="2022-07-06T19:14:09 IST">
  <testcase classname="com.sas.viya.SASEnvironmentManager" name="SignIn" time="436.177"/>
  <testcase classname="com.sas.viya.SASEnvironmentManager" name="CheckUsersAndGroups" time="12.842"/>
  <testcase classname="com.sas.viya.SASEnvironmentManager" name="ValidateValidationFolder" time="19.85"/>
  <testcase classname="com.sas.viya.SASEnvironmentManager" name="AccessServerPage" time="20.555"/>
  <testcase classname="com.sas.viya.SASEnvironmentManager" name="ImportData" time="38.502"/>
  <testcase classname="com.sas.viya.SASEnvironmentManager" name="ImportDemographic" time="39.187"/>
  <testcase classname="com.sas.viya.SASEnvironmentManager" name="SignOut" time="0.0">
    <ignored/>
  </testcase> <!-- SignOut -->
</testsuite> <!-- SASEnvironmentManagerTest -->
