<?xml version="1.0" encoding="UTF-8"?>
<!-- Generated by org.testng.reporters.JUnitXMLReporter -->
<testsuite ignored="1" hostname="lsinbrvina2" failures="0" tests="6" name="SASEnvironmentManager" time="213.751" errors="0" timestamp="2022-06-10T12:33:09 IST">
  <testcase classname="com.sas.viya.SASEnvironmentManager" name="SignIn" time="64.341"/>
  <testcase classname="com.sas.viya.SASEnvironmentManager" name="CheckUsersAndGroups" time="31.136"/>
  <testcase classname="com.sas.viya.SASEnvironmentManager" name="ValidateValidationFolder" time="19.526"/>
  <testcase classname="com.sas.viya.SASEnvironmentManager" name="AccessServerPage" time="20.151"/>
  <testcase classname="com.sas.viya.SASEnvironmentManager" name="ImportData" time="38.504"/>
  <testcase classname="com.sas.viya.SASEnvironmentManager" name="ImportDemographic" time="35.687"/>
  <testcase classname="com.sas.viya.SASEnvironmentManager" name="SignOut" time="0.0">
    <ignored/>
  </testcase> <!-- SignOut -->
</testsuite> <!-- SASEnvironmentManager -->
