<?xml version="1.0" encoding="UTF-8"?>
<!-- Generated by org.testng.reporters.JUnitXMLReporter -->
<testsuite ignored="0" hostname="lsinbrvina2" failures="0" tests="3" name="SASKubernetesCluster" time="3.777" errors="0" timestamp="2022-06-08T15:23:35 IST">
  <testcase classname="com.sas.viya.SASKubernetesCluster" name="Navigate" time="0.011"/>
  <testcase classname="com.sas.viya.SASKubernetesCluster" name="NodesValidation" time="0.001"/>
  <testcase classname="com.sas.viya.SASKubernetesCluster" name="PodsValidation" time="0.001"/>
</testsuite> <!-- SASKubernetesCluster -->
