<?xml version="1.0" encoding="UTF-8"?>
<!-- Generated by org.testng.reporters.JUnitXMLReporter -->
<testsuite ignored="0" hostname="lsinbrvina2" failures="0" tests="7" name="SASStudioTest" time="213.183" errors="0" timestamp="2022-09-27T00:47:07 IST">
  <testcase classname="com.sas.viya.SASStudio" name="SignIn" time="134.205"/>
  <testcase classname="com.sas.viya.SASStudio" name="CodeExecution1" time="17.01"/>
  <testcase classname="com.sas.viya.SASStudio" name="CodeExecution2" time="16.645"/>
  <testcase classname="com.sas.viya.SASStudio" name="CodeExecution3" time="13.477"/>
  <testcase classname="com.sas.viya.SASStudio" name="CodeExecution4" time="11.48"/>
  <testcase classname="com.sas.viya.SASStudio" name="CodeExecution5" time="11.345"/>
  <testcase classname="com.sas.viya.SASStudio" name="SignOut" time="3.298"/>
</testsuite> <!-- SASStudioTest -->
