<?xml version="1.0" encoding="UTF-8"?>
<!-- Generated by org.testng.reporters.JUnitXMLReporter -->
<testsuite ignored="0" hostname="lsinbrvina2" failures="0" tests="7" name="SASStudioTest" time="190.837" errors="0" timestamp="2022-07-06T19:17:20 IST">
  <testcase classname="com.sas.viya.SASStudio" name="SignIn" time="113.652"/>
  <testcase classname="com.sas.viya.SASStudio" name="CodeExecution1" time="17.428"/>
  <testcase classname="com.sas.viya.SASStudio" name="CodeExecution2" time="16.119"/>
  <testcase classname="com.sas.viya.SASStudio" name="CodeExecution3" time="13.004"/>
  <testcase classname="com.sas.viya.SASStudio" name="CodeExecution4" time="10.465"/>
  <testcase classname="com.sas.viya.SASStudio" name="CodeExecution5" time="10.988"/>
  <testcase classname="com.sas.viya.SASStudio" name="SignOut" time="3.327"/>
</testsuite> <!-- SASStudioTest -->
