<?xml version="1.0" encoding="UTF-8"?>
<!-- Generated by org.testng.reporters.JUnitXMLReporter -->
<testsuite ignored="0" hostname="lsinbrvina2" failures="0" tests="4" name="SASVisualAnalyticsTest" time="220.32" errors="0" timestamp="2022-07-06T19:21:01 IST">
  <testcase classname="com.sas.viya.SASVisualAnalytics" name="SignIn" time="94.573"/>
  <testcase classname="com.sas.viya.SASVisualAnalytics" name="Report1" time="61.569"/>
  <testcase classname="com.sas.viya.SASVisualAnalytics" name="Report2" time="58.492"/>
  <testcase classname="com.sas.viya.SASVisualAnalytics" name="SignOut" time="3.243"/>
</testsuite> <!-- SASVisualAnalyticsTest -->
