<?xml version="1.0" encoding="UTF-8"?>
<!-- Generated by org.testng.reporters.JUnitXMLReporter -->
<testsuite ignored="0" hostname="lsinbrvina2" failures="0" tests="4" name="SASVisualAnalyticsTest" time="225.312" errors="0" timestamp="2022-09-27T00:50:52 IST">
  <testcase classname="com.sas.viya.SASVisualAnalytics" name="SignIn" time="98.322"/>
  <testcase classname="com.sas.viya.SASVisualAnalytics" name="Report1" time="61.591"/>
  <testcase classname="com.sas.viya.SASVisualAnalytics" name="Report2" time="59.003"/>
  <testcase classname="com.sas.viya.SASVisualAnalytics" name="SignOut" time="3.322"/>
</testsuite> <!-- SASVisualAnalyticsTest -->
