<?xml version="1.0" encoding="UTF-8"?>
<!-- Generated by org.testng.reporters.JUnitXMLReporter -->
<testsuite ignored="0" hostname="lsinbrvina2" failures="0" tests="3" name="SASVisualAnalytics" time="1.749" errors="0" timestamp="2022-06-08T15:23:42 IST">
  <testcase classname="com.sas.viya.SASVisualAnalytics" name="Navigate" time="0.001"/>
  <testcase classname="com.sas.viya.SASVisualAnalytics" name="Report1" time="0.001"/>
  <testcase classname="com.sas.viya.SASVisualAnalytics" name="Report2" time="0.001"/>
</testsuite> <!-- SASVisualAnalytics -->
